

Started GET "/ads/" for 127.0.0.1 at 2023-11-29 09:30:03 -0500

ActiveRecord::PendingMigrationError (

Migrations are pending. To resolve this issue, run:

	bin/rake db:migrate RAILS_ENV=development

):
  activerecord (4.2.11) lib/active_record/migration.rb:392:in `check_pending!'
  activerecord (4.2.11) lib/active_record/migration.rb:373:in `call'
  actionpack (4.2.11) lib/action_dispatch/middleware/callbacks.rb:29:in `block in call'
  activesupport (4.2.11) lib/active_support/callbacks.rb:88:in `__run_callbacks__'
  activesupport (4.2.11) lib/active_support/callbacks.rb:778:in `_run_call_callbacks'
  activesupport (4.2.11) lib/active_support/callbacks.rb:81:in `run_callbacks'
  actionpack (4.2.11) lib/action_dispatch/middleware/callbacks.rb:27:in `call'
  actionpack (4.2.11) lib/action_dispatch/middleware/reloader.rb:73:in `call'
  actionpack (4.2.11) lib/action_dispatch/middleware/remote_ip.rb:78:in `call'
  actionpack (4.2.11) lib/action_dispatch/middleware/debug_exceptions.rb:17:in `call'
  web-console (2.3.0) lib/web_console/middleware.rb:28:in `block in call'
  web-console (2.3.0) lib/web_console/middleware.rb:18:in `catch'
  web-console (2.3.0) lib/web_console/middleware.rb:18:in `call'
  actionpack (4.2.11) lib/action_dispatch/middleware/show_exceptions.rb:30:in `call'
  railties (4.2.11) lib/rails/rack/logger.rb:38:in `call_app'
  railties (4.2.11) lib/rails/rack/logger.rb:20:in `block in call'
  activesupport (4.2.11) lib/active_support/tagged_logging.rb:68:in `block in tagged'
  activesupport (4.2.11) lib/active_support/tagged_logging.rb:26:in `tagged'
  activesupport (4.2.11) lib/active_support/tagged_logging.rb:68:in `tagged'
  railties (4.2.11) lib/rails/rack/logger.rb:20:in `call'
  actionpack (4.2.11) lib/action_dispatch/middleware/request_id.rb:21:in `call'
  rack (1.6.13) lib/rack/methodoverride.rb:22:in `call'
  rack (1.6.13) lib/rack/runtime.rb:18:in `call'
  activesupport (4.2.11) lib/active_support/cache/strategy/local_cache_middleware.rb:28:in `call'
  rack (1.6.13) lib/rack/lock.rb:17:in `call'
  actionpack (4.2.11) lib/action_dispatch/middleware/static.rb:120:in `call'
  rack (1.6.13) lib/rack/sendfile.rb:113:in `call'
  railties (4.2.11) lib/rails/engine.rb:518:in `call'
  railties (4.2.11) lib/rails/application.rb:165:in `call'
  rack (1.6.13) lib/rack/lock.rb:17:in `call'
  rack (1.6.13) lib/rack/content_length.rb:15:in `call'
  rack (1.6.13) lib/rack/handler/webrick.rb:88:in `service'
  /home/aldo/.rvm/rubies/ruby-2.6.6/lib/ruby/2.6.0/webrick/httpserver.rb:140:in `service'
  /home/aldo/.rvm/rubies/ruby-2.6.6/lib/ruby/2.6.0/webrick/httpserver.rb:96:in `run'
  /home/aldo/.rvm/rubies/ruby-2.6.6/lib/ruby/2.6.0/webrick/server.rb:307:in `block in start_thread'


  Rendered /home/aldo/.rvm/gems/ruby-2.6.6/gems/actionpack-4.2.11/lib/action_dispatch/middleware/templates/rescues/_source.erb (2.7ms)
  Rendered /home/aldo/.rvm/gems/ruby-2.6.6/gems/actionpack-4.2.11/lib/action_dispatch/middleware/templates/rescues/_trace.html.erb (1.5ms)
  Rendered /home/aldo/.rvm/gems/ruby-2.6.6/gems/actionpack-4.2.11/lib/action_dispatch/middleware/templates/rescues/_request_and_response.html.erb (6.6ms)
  Rendered /home/aldo/.rvm/gems/ruby-2.6.6/gems/actionpack-4.2.11/lib/action_dispatch/middleware/templates/rescues/diagnostics.html.erb within rescues/layout (30.1ms)
  Rendered /home/aldo/.rvm/gems/ruby-2.6.6/gems/web-console-2.3.0/lib/web_console/templates/_markup.html.erb (0.4ms)
  Rendered /home/aldo/.rvm/gems/ruby-2.6.6/gems/web-console-2.3.0/lib/web_console/templates/_inner_console_markup.html.erb within layouts/inlined_string (0.4ms)
  Rendered /home/aldo/.rvm/gems/ruby-2.6.6/gems/web-console-2.3.0/lib/web_console/templates/_prompt_box_markup.html.erb within layouts/inlined_string (0.8ms)
  Rendered /home/aldo/.rvm/gems/ruby-2.6.6/gems/web-console-2.3.0/lib/web_console/templates/style.css.erb within layouts/inlined_string (0.4ms)
  Rendered /home/aldo/.rvm/gems/ruby-2.6.6/gems/web-console-2.3.0/lib/web_console/templates/console.js.erb within layouts/javascript (41.3ms)
  Rendered /home/aldo/.rvm/gems/ruby-2.6.6/gems/web-console-2.3.0/lib/web_console/templates/main.js.erb within layouts/javascript (0.3ms)
  Rendered /home/aldo/.rvm/gems/ruby-2.6.6/gems/web-console-2.3.0/lib/web_console/templates/error_page.js.erb within layouts/javascript (0.6ms)
  Rendered /home/aldo/.rvm/gems/ruby-2.6.6/gems/web-console-2.3.0/lib/web_console/templates/index.html.erb (75.8ms)


Started GET "/" for 127.0.0.1 at 2023-11-29 09:30:31 -0500

ActiveRecord::PendingMigrationError (

Migrations are pending. To resolve this issue, run:

	bin/rake db:migrate RAILS_ENV=development

):
  activerecord (4.2.11) lib/active_record/migration.rb:392:in `check_pending!'
  activerecord (4.2.11) lib/active_record/migration.rb:373:in `call'
  actionpack (4.2.11) lib/action_dispatch/middleware/callbacks.rb:29:in `block in call'
  activesupport (4.2.11) lib/active_support/callbacks.rb:88:in `__run_callbacks__'
  activesupport (4.2.11) lib/active_support/callbacks.rb:778:in `_run_call_callbacks'
  activesupport (4.2.11) lib/active_support/callbacks.rb:81:in `run_callbacks'
  actionpack (4.2.11) lib/action_dispatch/middleware/callbacks.rb:27:in `call'
  actionpack (4.2.11) lib/action_dispatch/middleware/reloader.rb:73:in `call'
  actionpack (4.2.11) lib/action_dispatch/middleware/remote_ip.rb:78:in `call'
  actionpack (4.2.11) lib/action_dispatch/middleware/debug_exceptions.rb:17:in `call'
  web-console (2.3.0) lib/web_console/middleware.rb:28:in `block in call'
  web-console (2.3.0) lib/web_console/middleware.rb:18:in `catch'
  web-console (2.3.0) lib/web_console/middleware.rb:18:in `call'
  actionpack (4.2.11) lib/action_dispatch/middleware/show_exceptions.rb:30:in `call'
  railties (4.2.11) lib/rails/rack/logger.rb:38:in `call_app'
  railties (4.2.11) lib/rails/rack/logger.rb:20:in `block in call'
  activesupport (4.2.11) lib/active_support/tagged_logging.rb:68:in `block in tagged'
  activesupport (4.2.11) lib/active_support/tagged_logging.rb:26:in `tagged'
  activesupport (4.2.11) lib/active_support/tagged_logging.rb:68:in `tagged'
  railties (4.2.11) lib/rails/rack/logger.rb:20:in `call'
  actionpack (4.2.11) lib/action_dispatch/middleware/request_id.rb:21:in `call'
  rack (1.6.13) lib/rack/methodoverride.rb:22:in `call'
  rack (1.6.13) lib/rack/runtime.rb:18:in `call'
  activesupport (4.2.11) lib/active_support/cache/strategy/local_cache_middleware.rb:28:in `call'
  rack (1.6.13) lib/rack/lock.rb:17:in `call'
  actionpack (4.2.11) lib/action_dispatch/middleware/static.rb:120:in `call'
  rack (1.6.13) lib/rack/sendfile.rb:113:in `call'
  railties (4.2.11) lib/rails/engine.rb:518:in `call'
  railties (4.2.11) lib/rails/application.rb:165:in `call'
  rack (1.6.13) lib/rack/lock.rb:17:in `call'
  rack (1.6.13) lib/rack/content_length.rb:15:in `call'
  rack (1.6.13) lib/rack/handler/webrick.rb:88:in `service'
  /home/aldo/.rvm/rubies/ruby-2.6.6/lib/ruby/2.6.0/webrick/httpserver.rb:140:in `service'
  /home/aldo/.rvm/rubies/ruby-2.6.6/lib/ruby/2.6.0/webrick/httpserver.rb:96:in `run'
  /home/aldo/.rvm/rubies/ruby-2.6.6/lib/ruby/2.6.0/webrick/server.rb:307:in `block in start_thread'


  Rendered /home/aldo/.rvm/gems/ruby-2.6.6/gems/actionpack-4.2.11/lib/action_dispatch/middleware/templates/rescues/_source.erb (2.9ms)
  Rendered /home/aldo/.rvm/gems/ruby-2.6.6/gems/actionpack-4.2.11/lib/action_dispatch/middleware/templates/rescues/_trace.html.erb (10.2ms)
  Rendered /home/aldo/.rvm/gems/ruby-2.6.6/gems/actionpack-4.2.11/lib/action_dispatch/middleware/templates/rescues/_request_and_response.html.erb (0.9ms)
  Rendered /home/aldo/.rvm/gems/ruby-2.6.6/gems/actionpack-4.2.11/lib/action_dispatch/middleware/templates/rescues/diagnostics.html.erb within rescues/layout (53.5ms)
  Rendered /home/aldo/.rvm/gems/ruby-2.6.6/gems/web-console-2.3.0/lib/web_console/templates/_markup.html.erb (0.4ms)
  Rendered /home/aldo/.rvm/gems/ruby-2.6.6/gems/web-console-2.3.0/lib/web_console/templates/_inner_console_markup.html.erb within layouts/inlined_string (0.4ms)
  Rendered /home/aldo/.rvm/gems/ruby-2.6.6/gems/web-console-2.3.0/lib/web_console/templates/_prompt_box_markup.html.erb within layouts/inlined_string (0.3ms)
  Rendered /home/aldo/.rvm/gems/ruby-2.6.6/gems/web-console-2.3.0/lib/web_console/templates/style.css.erb within layouts/inlined_string (0.4ms)
  Rendered /home/aldo/.rvm/gems/ruby-2.6.6/gems/web-console-2.3.0/lib/web_console/templates/console.js.erb within layouts/javascript (44.2ms)
  Rendered /home/aldo/.rvm/gems/ruby-2.6.6/gems/web-console-2.3.0/lib/web_console/templates/main.js.erb within layouts/javascript (0.3ms)
  Rendered /home/aldo/.rvm/gems/ruby-2.6.6/gems/web-console-2.3.0/lib/web_console/templates/error_page.js.erb within layouts/javascript (0.4ms)
  Rendered /home/aldo/.rvm/gems/ruby-2.6.6/gems/web-console-2.3.0/lib/web_console/templates/index.html.erb (64.5ms)


Started GET "/" for 127.0.0.1 at 2023-11-29 09:32:20 -0500

ActiveRecord::PendingMigrationError (

Migrations are pending. To resolve this issue, run:

	bin/rake db:migrate RAILS_ENV=development

):
  activerecord (4.2.11) lib/active_record/migration.rb:392:in `check_pending!'
  activerecord (4.2.11) lib/active_record/migration.rb:373:in `call'
  actionpack (4.2.11) lib/action_dispatch/middleware/callbacks.rb:29:in `block in call'
  activesupport (4.2.11) lib/active_support/callbacks.rb:88:in `__run_callbacks__'
  activesupport (4.2.11) lib/active_support/callbacks.rb:778:in `_run_call_callbacks'
  activesupport (4.2.11) lib/active_support/callbacks.rb:81:in `run_callbacks'
  actionpack (4.2.11) lib/action_dispatch/middleware/callbacks.rb:27:in `call'
  actionpack (4.2.11) lib/action_dispatch/middleware/reloader.rb:73:in `call'
  actionpack (4.2.11) lib/action_dispatch/middleware/remote_ip.rb:78:in `call'
  actionpack (4.2.11) lib/action_dispatch/middleware/debug_exceptions.rb:17:in `call'
  web-console (2.3.0) lib/web_console/middleware.rb:28:in `block in call'
  web-console (2.3.0) lib/web_console/middleware.rb:18:in `catch'
  web-console (2.3.0) lib/web_console/middleware.rb:18:in `call'
  actionpack (4.2.11) lib/action_dispatch/middleware/show_exceptions.rb:30:in `call'
  railties (4.2.11) lib/rails/rack/logger.rb:38:in `call_app'
  railties (4.2.11) lib/rails/rack/logger.rb:20:in `block in call'
  activesupport (4.2.11) lib/active_support/tagged_logging.rb:68:in `block in tagged'
  activesupport (4.2.11) lib/active_support/tagged_logging.rb:26:in `tagged'
  activesupport (4.2.11) lib/active_support/tagged_logging.rb:68:in `tagged'
  railties (4.2.11) lib/rails/rack/logger.rb:20:in `call'
  actionpack (4.2.11) lib/action_dispatch/middleware/request_id.rb:21:in `call'
  rack (1.6.13) lib/rack/methodoverride.rb:22:in `call'
  rack (1.6.13) lib/rack/runtime.rb:18:in `call'
  activesupport (4.2.11) lib/active_support/cache/strategy/local_cache_middleware.rb:28:in `call'
  rack (1.6.13) lib/rack/lock.rb:17:in `call'
  actionpack (4.2.11) lib/action_dispatch/middleware/static.rb:120:in `call'
  rack (1.6.13) lib/rack/sendfile.rb:113:in `call'
  railties (4.2.11) lib/rails/engine.rb:518:in `call'
  railties (4.2.11) lib/rails/application.rb:165:in `call'
  rack (1.6.13) lib/rack/lock.rb:17:in `call'
  rack (1.6.13) lib/rack/content_length.rb:15:in `call'
  rack (1.6.13) lib/rack/handler/webrick.rb:88:in `service'
  /home/aldo/.rvm/rubies/ruby-2.6.6/lib/ruby/2.6.0/webrick/httpserver.rb:140:in `service'
  /home/aldo/.rvm/rubies/ruby-2.6.6/lib/ruby/2.6.0/webrick/httpserver.rb:96:in `run'
  /home/aldo/.rvm/rubies/ruby-2.6.6/lib/ruby/2.6.0/webrick/server.rb:307:in `block in start_thread'


  Rendered /home/aldo/.rvm/gems/ruby-2.6.6/gems/actionpack-4.2.11/lib/action_dispatch/middleware/templates/rescues/_source.erb (3.4ms)
  Rendered /home/aldo/.rvm/gems/ruby-2.6.6/gems/actionpack-4.2.11/lib/action_dispatch/middleware/templates/rescues/_trace.html.erb (1.7ms)
  Rendered /home/aldo/.rvm/gems/ruby-2.6.6/gems/actionpack-4.2.11/lib/action_dispatch/middleware/templates/rescues/_request_and_response.html.erb (0.9ms)
  Rendered /home/aldo/.rvm/gems/ruby-2.6.6/gems/actionpack-4.2.11/lib/action_dispatch/middleware/templates/rescues/diagnostics.html.erb within rescues/layout (29.5ms)
  Rendered /home/aldo/.rvm/gems/ruby-2.6.6/gems/web-console-2.3.0/lib/web_console/templates/_markup.html.erb (0.4ms)
  Rendered /home/aldo/.rvm/gems/ruby-2.6.6/gems/web-console-2.3.0/lib/web_console/templates/_inner_console_markup.html.erb within layouts/inlined_string (0.5ms)
  Rendered /home/aldo/.rvm/gems/ruby-2.6.6/gems/web-console-2.3.0/lib/web_console/templates/_prompt_box_markup.html.erb within layouts/inlined_string (0.4ms)
  Rendered /home/aldo/.rvm/gems/ruby-2.6.6/gems/web-console-2.3.0/lib/web_console/templates/style.css.erb within layouts/inlined_string (0.4ms)
  Rendered /home/aldo/.rvm/gems/ruby-2.6.6/gems/web-console-2.3.0/lib/web_console/templates/console.js.erb within layouts/javascript (63.9ms)
  Rendered /home/aldo/.rvm/gems/ruby-2.6.6/gems/web-console-2.3.0/lib/web_console/templates/main.js.erb within layouts/javascript (10.2ms)
  Rendered /home/aldo/.rvm/gems/ruby-2.6.6/gems/web-console-2.3.0/lib/web_console/templates/error_page.js.erb within layouts/javascript (0.5ms)
  Rendered /home/aldo/.rvm/gems/ruby-2.6.6/gems/web-console-2.3.0/lib/web_console/templates/index.html.erb (119.4ms)


Started GET "/" for 127.0.0.1 at 2023-11-29 09:32:26 -0500

ActiveRecord::PendingMigrationError (

Migrations are pending. To resolve this issue, run:

	bin/rake db:migrate RAILS_ENV=development

):
  activerecord (4.2.11) lib/active_record/migration.rb:392:in `check_pending!'
  activerecord (4.2.11) lib/active_record/migration.rb:373:in `call'
  actionpack (4.2.11) lib/action_dispatch/middleware/callbacks.rb:29:in `block in call'
  activesupport (4.2.11) lib/active_support/callbacks.rb:88:in `__run_callbacks__'
  activesupport (4.2.11) lib/active_support/callbacks.rb:778:in `_run_call_callbacks'
  activesupport (4.2.11) lib/active_support/callbacks.rb:81:in `run_callbacks'
  actionpack (4.2.11) lib/action_dispatch/middleware/callbacks.rb:27:in `call'
  actionpack (4.2.11) lib/action_dispatch/middleware/reloader.rb:73:in `call'
  actionpack (4.2.11) lib/action_dispatch/middleware/remote_ip.rb:78:in `call'
  actionpack (4.2.11) lib/action_dispatch/middleware/debug_exceptions.rb:17:in `call'
  web-console (2.3.0) lib/web_console/middleware.rb:28:in `block in call'
  web-console (2.3.0) lib/web_console/middleware.rb:18:in `catch'
  web-console (2.3.0) lib/web_console/middleware.rb:18:in `call'
  actionpack (4.2.11) lib/action_dispatch/middleware/show_exceptions.rb:30:in `call'
  railties (4.2.11) lib/rails/rack/logger.rb:38:in `call_app'
  railties (4.2.11) lib/rails/rack/logger.rb:20:in `block in call'
  activesupport (4.2.11) lib/active_support/tagged_logging.rb:68:in `block in tagged'
  activesupport (4.2.11) lib/active_support/tagged_logging.rb:26:in `tagged'
  activesupport (4.2.11) lib/active_support/tagged_logging.rb:68:in `tagged'
  railties (4.2.11) lib/rails/rack/logger.rb:20:in `call'
  actionpack (4.2.11) lib/action_dispatch/middleware/request_id.rb:21:in `call'
  rack (1.6.13) lib/rack/methodoverride.rb:22:in `call'
  rack (1.6.13) lib/rack/runtime.rb:18:in `call'
  activesupport (4.2.11) lib/active_support/cache/strategy/local_cache_middleware.rb:28:in `call'
  rack (1.6.13) lib/rack/lock.rb:17:in `call'
  actionpack (4.2.11) lib/action_dispatch/middleware/static.rb:120:in `call'
  rack (1.6.13) lib/rack/sendfile.rb:113:in `call'
  railties (4.2.11) lib/rails/engine.rb:518:in `call'
  railties (4.2.11) lib/rails/application.rb:165:in `call'
  rack (1.6.13) lib/rack/lock.rb:17:in `call'
  rack (1.6.13) lib/rack/content_length.rb:15:in `call'
  rack (1.6.13) lib/rack/handler/webrick.rb:88:in `service'
  /home/aldo/.rvm/rubies/ruby-2.6.6/lib/ruby/2.6.0/webrick/httpserver.rb:140:in `service'
  /home/aldo/.rvm/rubies/ruby-2.6.6/lib/ruby/2.6.0/webrick/httpserver.rb:96:in `run'
  /home/aldo/.rvm/rubies/ruby-2.6.6/lib/ruby/2.6.0/webrick/server.rb:307:in `block in start_thread'


  Rendered /home/aldo/.rvm/gems/ruby-2.6.6/gems/actionpack-4.2.11/lib/action_dispatch/middleware/templates/rescues/_source.erb (2.7ms)
  Rendered /home/aldo/.rvm/gems/ruby-2.6.6/gems/actionpack-4.2.11/lib/action_dispatch/middleware/templates/rescues/_trace.html.erb (8.4ms)
  Rendered /home/aldo/.rvm/gems/ruby-2.6.6/gems/actionpack-4.2.11/lib/action_dispatch/middleware/templates/rescues/_request_and_response.html.erb (1.5ms)
  Rendered /home/aldo/.rvm/gems/ruby-2.6.6/gems/actionpack-4.2.11/lib/action_dispatch/middleware/templates/rescues/diagnostics.html.erb within rescues/layout (47.7ms)
  Rendered /home/aldo/.rvm/gems/ruby-2.6.6/gems/web-console-2.3.0/lib/web_console/templates/_markup.html.erb (0.3ms)
  Rendered /home/aldo/.rvm/gems/ruby-2.6.6/gems/web-console-2.3.0/lib/web_console/templates/_inner_console_markup.html.erb within layouts/inlined_string (0.3ms)
  Rendered /home/aldo/.rvm/gems/ruby-2.6.6/gems/web-console-2.3.0/lib/web_console/templates/_prompt_box_markup.html.erb within layouts/inlined_string (0.4ms)
  Rendered /home/aldo/.rvm/gems/ruby-2.6.6/gems/web-console-2.3.0/lib/web_console/templates/style.css.erb within layouts/inlined_string (0.5ms)
  Rendered /home/aldo/.rvm/gems/ruby-2.6.6/gems/web-console-2.3.0/lib/web_console/templates/console.js.erb within layouts/javascript (47.2ms)
  Rendered /home/aldo/.rvm/gems/ruby-2.6.6/gems/web-console-2.3.0/lib/web_console/templates/main.js.erb within layouts/javascript (0.2ms)
  Rendered /home/aldo/.rvm/gems/ruby-2.6.6/gems/web-console-2.3.0/lib/web_console/templates/error_page.js.erb within layouts/javascript (0.3ms)
  Rendered /home/aldo/.rvm/gems/ruby-2.6.6/gems/web-console-2.3.0/lib/web_console/templates/index.html.erb (76.4ms)
  [1m[36m (4.2ms)[0m  [1mCREATE TABLE "schema_migrations" ("version" varchar NOT NULL) [0m
  [1m[35m (0.1ms)[0m  select sqlite_version(*)
  [1m[36m (3.2ms)[0m  [1mCREATE UNIQUE INDEX "unique_schema_migrations" ON "schema_migrations" ("version")[0m
  [1m[35mActiveRecord::SchemaMigration Load (0.1ms)[0m  SELECT "schema_migrations".* FROM "schema_migrations"
Migrating to CreateMovies (20150809022253)
  [1m[36m (0.1ms)[0m  [1mbegin transaction[0m
DEPRECATION WARNING: `#timestamps` was called without specifying an option for `null`. In Rails 5, this behavior will change to `null: false`. You should manually specify `null: true` to prevent the behavior of your existing migrations from changing. (called from block in change at /home/aldo/Documents/CC3S2_Software-Development_23-2/PC3/PC3_CC3S2/db/migrate/20150809022253_create_movies.rb:10)
  [1m[35m (0.4ms)[0m  CREATE TABLE "movies" ("id" INTEGER PRIMARY KEY AUTOINCREMENT NOT NULL, "title" varchar, "rating" varchar, "description" text, "release_date" datetime, "created_at" datetime, "updated_at" datetime) 
  [1m[36mSQL (0.1ms)[0m  [1mINSERT INTO "schema_migrations" ("version") VALUES (?)[0m  [["version", "20150809022253"]]
  [1m[35m (4.1ms)[0m  commit transaction
  [1m[36mActiveRecord::SchemaMigration Load (0.1ms)[0m  [1mSELECT "schema_migrations".* FROM "schema_migrations"[0m


Started GET "/" for 127.0.0.1 at 2023-11-29 09:34:20 -0500
  [1m[36mActiveRecord::SchemaMigration Load (0.2ms)[0m  [1mSELECT "schema_migrations".* FROM "schema_migrations"[0m
Processing by MoviesController#index as HTML
  [1m[35mMovie Load (0.2ms)[0m  SELECT "movies".* FROM "movies" WHERE (UPPER(rating) IN ('G','PG','PG-13','R'))
  Rendered movies/index.html.erb within layouts/application (18.3ms)
  Rendered layouts/_flash.erb (0.6ms)
Completed 200 OK in 690ms (Views: 652.8ms | ActiveRecord: 0.4ms)


Started GET "/assets/application.self-e80e8f2318043e8af94dddc2adad5a4f09739a8ebb323b3ab31cd71d45fd9113.css?body=1" for 127.0.0.1 at 2023-11-29 09:34:22 -0500


Started GET "/assets/application.self-377610cd7c1509e934744c810e3b4cf672dfbcacac3274e7d039827e2ae0fcc7.js?body=1" for 127.0.0.1 at 2023-11-29 09:34:22 -0500


Started GET "/assets/jquery_ujs.self-784a997f6726036b1993eb2217c9cb558e1cbb801c6da88105588c56f13b466a.js?body=1" for 127.0.0.1 at 2023-11-29 09:34:22 -0500


Started GET "/assets/jquery.self-bd7ddd393353a8d2480a622e80342adf488fb6006d667e8b42e4c0073393abee.js?body=1" for 127.0.0.1 at 2023-11-29 09:34:22 -0500


Started GET "/movies?utf8=%E2%9C%93&ratings%5BG%5D=1&ratings%5BPG%5D=1&ratings%5BPG-13%5D=1&ratings%5BR%5D=1&direction=&sort=&commit=Refresh" for 127.0.0.1 at 2023-11-29 09:35:54 -0500
Processing by MoviesController#index as HTML
  Parameters: {"utf8"=>"✓", "ratings"=>{"G"=>"1", "PG"=>"1", "PG-13"=>"1", "R"=>"1"}, "direction"=>"", "sort"=>"", "commit"=>"Refresh"}
  [1m[36mMovie Load (23.9ms)[0m  [1mSELECT "movies".* FROM "movies" WHERE (UPPER(rating) IN ('G','PG','PG-13','R'))[0m
  Rendered movies/index.html.erb within layouts/application (42.8ms)
  Rendered layouts/_flash.erb (0.1ms)
Completed 200 OK in 67ms (Views: 41.0ms | ActiveRecord: 23.9ms)
  [1m[36mActiveRecord::SchemaMigration Load (0.1ms)[0m  [1mSELECT "schema_migrations".* FROM "schema_migrations"[0m
  [1m[35m (0.0ms)[0m  begin transaction
  [1m[36mSQL (0.5ms)[0m  [1mINSERT INTO "movies" ("title", "rating", "release_date", "created_at", "updated_at") VALUES (?, ?, ?, ?, ?)[0m  [["title", "Aladdin"], ["rating", "G"], ["release_date", "1992-11-25 00:00:00.000000"], ["created_at", "2023-11-29 14:36:28.927765"], ["updated_at", "2023-11-29 14:36:28.927765"]]
  [1m[35m (10.4ms)[0m  commit transaction
  [1m[36m (0.1ms)[0m  [1mbegin transaction[0m
  [1m[35mSQL (0.2ms)[0m  INSERT INTO "movies" ("title", "rating", "release_date", "created_at", "updated_at") VALUES (?, ?, ?, ?, ?)  [["title", "The Terminator"], ["rating", "R"], ["release_date", "1984-10-26 00:00:00.000000"], ["created_at", "2023-11-29 14:36:28.940311"], ["updated_at", "2023-11-29 14:36:28.940311"]]
  [1m[36m (3.3ms)[0m  [1mcommit transaction[0m
  [1m[35m (0.1ms)[0m  begin transaction
  [1m[36mSQL (0.2ms)[0m  [1mINSERT INTO "movies" ("title", "rating", "release_date", "created_at", "updated_at") VALUES (?, ?, ?, ?, ?)[0m  [["title", "When Harry Met Sally"], ["rating", "R"], ["release_date", "1989-07-21 00:00:00.000000"], ["created_at", "2023-11-29 14:36:28.945433"], ["updated_at", "2023-11-29 14:36:28.945433"]]
  [1m[35m (3.0ms)[0m  commit transaction
  [1m[36m (0.1ms)[0m  [1mbegin transaction[0m
  [1m[35mSQL (0.2ms)[0m  INSERT INTO "movies" ("title", "rating", "release_date", "created_at", "updated_at") VALUES (?, ?, ?, ?, ?)  [["title", "The Help"], ["rating", "PG-13"], ["release_date", "2011-08-10 00:00:00.000000"], ["created_at", "2023-11-29 14:36:28.950329"], ["updated_at", "2023-11-29 14:36:28.950329"]]
  [1m[36m (2.6ms)[0m  [1mcommit transaction[0m
  [1m[35m (0.0ms)[0m  begin transaction
  [1m[36mSQL (0.2ms)[0m  [1mINSERT INTO "movies" ("title", "rating", "release_date", "created_at", "updated_at") VALUES (?, ?, ?, ?, ?)[0m  [["title", "Chocolat"], ["rating", "PG-13"], ["release_date", "2001-01-05 00:00:00.000000"], ["created_at", "2023-11-29 14:36:28.954426"], ["updated_at", "2023-11-29 14:36:28.954426"]]
  [1m[35m (2.3ms)[0m  commit transaction
  [1m[36m (0.0ms)[0m  [1mbegin transaction[0m
  [1m[35mSQL (0.1ms)[0m  INSERT INTO "movies" ("title", "rating", "release_date", "created_at", "updated_at") VALUES (?, ?, ?, ?, ?)  [["title", "Amelie"], ["rating", "R"], ["release_date", "2001-04-25 00:00:00.000000"], ["created_at", "2023-11-29 14:36:28.958137"], ["updated_at", "2023-11-29 14:36:28.958137"]]
  [1m[36m (2.2ms)[0m  [1mcommit transaction[0m
  [1m[35m (0.0ms)[0m  begin transaction
  [1m[36mSQL (0.1ms)[0m  [1mINSERT INTO "movies" ("title", "rating", "release_date", "created_at", "updated_at") VALUES (?, ?, ?, ?, ?)[0m  [["title", "2001: A Space Odyssey"], ["rating", "G"], ["release_date", "1968-04-06 00:00:00.000000"], ["created_at", "2023-11-29 14:36:28.961630"], ["updated_at", "2023-11-29 14:36:28.961630"]]
  [1m[35m (2.5ms)[0m  commit transaction
  [1m[36m (0.0ms)[0m  [1mbegin transaction[0m
  [1m[35mSQL (0.1ms)[0m  INSERT INTO "movies" ("title", "rating", "release_date", "created_at", "updated_at") VALUES (?, ?, ?, ?, ?)  [["title", "The Incredibles"], ["rating", "PG"], ["release_date", "2004-11-05 00:00:00.000000"], ["created_at", "2023-11-29 14:36:28.965524"], ["updated_at", "2023-11-29 14:36:28.965524"]]
  [1m[36m (2.3ms)[0m  [1mcommit transaction[0m
  [1m[35m (0.0ms)[0m  begin transaction
  [1m[36mSQL (0.1ms)[0m  [1mINSERT INTO "movies" ("title", "rating", "release_date", "created_at", "updated_at") VALUES (?, ?, ?, ?, ?)[0m  [["title", "Raiders of the Lost Ark"], ["rating", "PG"], ["release_date", "1981-06-12 00:00:00.000000"], ["created_at", "2023-11-29 14:36:28.969094"], ["updated_at", "2023-11-29 14:36:28.969094"]]
  [1m[35m (2.2ms)[0m  commit transaction
  [1m[36m (0.0ms)[0m  [1mbegin transaction[0m
  [1m[35mSQL (0.2ms)[0m  INSERT INTO "movies" ("title", "rating", "release_date", "created_at", "updated_at") VALUES (?, ?, ?, ?, ?)  [["title", "Chicken Run"], ["rating", "G"], ["release_date", "2000-06-21 00:00:00.000000"], ["created_at", "2023-11-29 14:36:28.972598"], ["updated_at", "2023-11-29 14:36:28.972598"]]
  [1m[36m (2.9ms)[0m  [1mcommit transaction[0m


Started GET "/movies?utf8=%E2%9C%93&ratings%5BG%5D=1&ratings%5BPG%5D=1&ratings%5BPG-13%5D=1&ratings%5BR%5D=1&direction=&sort=&commit=Refresh" for 127.0.0.1 at 2023-11-29 09:36:42 -0500
Processing by MoviesController#index as HTML
  Parameters: {"utf8"=>"✓", "ratings"=>{"G"=>"1", "PG"=>"1", "PG-13"=>"1", "R"=>"1"}, "direction"=>"", "sort"=>"", "commit"=>"Refresh"}
  [1m[35mMovie Load (1.4ms)[0m  SELECT "movies".* FROM "movies" WHERE (UPPER(rating) IN ('G','PG','PG-13','R'))
  Rendered movies/index.html.erb within layouts/application (34.9ms)
  Rendered layouts/_flash.erb (8.4ms)
Completed 200 OK in 71ms (Views: 68.8ms | ActiveRecord: 1.7ms)


Started GET "/movies?utf8=%E2%9C%93&ratings%5BG%5D=1&ratings%5BPG%5D=1&ratings%5BPG-13%5D=1&ratings%5BR%5D=1&direction=&sort=&commit=Refresh" for 127.0.0.1 at 2023-11-29 09:43:57 -0500
Processing by MoviesController#index as HTML
  Parameters: {"utf8"=>"✓", "ratings"=>{"G"=>"1", "PG"=>"1", "PG-13"=>"1", "R"=>"1"}, "direction"=>"", "sort"=>"", "commit"=>"Refresh"}
  [1m[36mMovie Load (0.3ms)[0m  [1mSELECT "movies".* FROM "movies" WHERE (UPPER(rating) IN ('G','PG','PG-13','R'))[0m
  Rendered movies/index.html.erb within layouts/application (20.6ms)
  Rendered layouts/_flash.erb (0.1ms)
Completed 200 OK in 44ms (Views: 43.4ms | ActiveRecord: 0.3ms)


Started GET "/movies?utf8=%E2%9C%93&ratings%5BG%5D=1&ratings%5BPG%5D=1&ratings%5BPG-13%5D=1&ratings%5BR%5D=1&direction=&sort=&commit=Refresh" for 127.0.0.1 at 2023-11-29 09:52:31 -0500
Processing by MoviesController#index as HTML
  Parameters: {"utf8"=>"✓", "ratings"=>{"G"=>"1", "PG"=>"1", "PG-13"=>"1", "R"=>"1"}, "direction"=>"", "sort"=>"", "commit"=>"Refresh"}
  [1m[35mMovie Load (0.3ms)[0m  SELECT "movies".* FROM "movies" WHERE (UPPER(rating) IN ('G','PG','PG-13','R'))
  Rendered movies/index.html.erb within layouts/application (14.1ms)
  Rendered layouts/_flash.erb (0.1ms)
Completed 200 OK in 57ms (Views: 39.3ms | ActiveRecord: 0.3ms)


Started GET "/movies?utf8=%E2%9C%93&ratings%5BG%5D=1&ratings%5BPG%5D=1&ratings%5BPG-13%5D=1&ratings%5BR%5D=1&direction=&sort=&commit=Refresh" for 127.0.0.1 at 2023-11-29 09:52:38 -0500
Processing by MoviesController#index as HTML
  Parameters: {"utf8"=>"✓", "ratings"=>{"G"=>"1", "PG"=>"1", "PG-13"=>"1", "R"=>"1"}, "direction"=>"", "sort"=>"", "commit"=>"Refresh"}
  [1m[36mMovie Load (15.2ms)[0m  [1mSELECT "movies".* FROM "movies" WHERE (UPPER(rating) IN ('G','PG','PG-13','R'))[0m
  Rendered movies/index.html.erb within layouts/application (18.5ms)
  Rendered layouts/_flash.erb (0.2ms)
Completed 200 OK in 65ms (Views: 49.2ms | ActiveRecord: 15.2ms)


Started GET "/movies?utf8=%E2%9C%93&ratings%5BG%5D=1&ratings%5BPG%5D=1&ratings%5BPG-13%5D=1&ratings%5BR%5D=1&direction=&sort=&commit=Refresh" for 127.0.0.1 at 2023-11-29 09:52:40 -0500
Processing by MoviesController#index as HTML
  Parameters: {"utf8"=>"✓", "ratings"=>{"G"=>"1", "PG"=>"1", "PG-13"=>"1", "R"=>"1"}, "direction"=>"", "sort"=>"", "commit"=>"Refresh"}
  [1m[35mMovie Load (0.3ms)[0m  SELECT "movies".* FROM "movies" WHERE (UPPER(rating) IN ('G','PG','PG-13','R'))
  Rendered movies/index.html.erb within layouts/application (25.4ms)
  Rendered layouts/_flash.erb (0.1ms)
Completed 200 OK in 73ms (Views: 58.2ms | ActiveRecord: 0.3ms)


Started GET "/movies?utf8=%E2%9C%93&ratings%5BG%5D=1&ratings%5BPG%5D=1&ratings%5BPG-13%5D=1&ratings%5BR%5D=1&direction=&sort=&commit=Refresh" for 127.0.0.1 at 2023-11-29 09:53:22 -0500
Processing by MoviesController#index as HTML
  Parameters: {"utf8"=>"✓", "ratings"=>{"G"=>"1", "PG"=>"1", "PG-13"=>"1", "R"=>"1"}, "direction"=>"", "sort"=>"", "commit"=>"Refresh"}
  [1m[36mMovie Load (0.3ms)[0m  [1mSELECT "movies".* FROM "movies" WHERE (UPPER(rating) IN ('G','PG','PG-13','R'))[0m
  Rendered movies/index.html.erb within layouts/application (10.1ms)
  Rendered layouts/_flash.erb (0.1ms)
Completed 200 OK in 48ms (Views: 44.6ms | ActiveRecord: 0.3ms)


Started GET "/movies?utf8=%E2%9C%93&ratings%5BG%5D=1&ratings%5BPG%5D=1&ratings%5BPG-13%5D=1&ratings%5BR%5D=1&direction=&sort=&commit=Refresh" for 127.0.0.1 at 2023-11-29 09:53:39 -0500
Processing by MoviesController#index as HTML
  Parameters: {"utf8"=>"✓", "ratings"=>{"G"=>"1", "PG"=>"1", "PG-13"=>"1", "R"=>"1"}, "direction"=>"", "sort"=>"", "commit"=>"Refresh"}
  [1m[35mMovie Load (0.3ms)[0m  SELECT "movies".* FROM "movies" WHERE (UPPER(rating) IN ('G','PG','PG-13','R'))
  Rendered movies/index.html.erb within layouts/application (13.1ms)
  Rendered layouts/_flash.erb (0.1ms)
Completed 200 OK in 56ms (Views: 55.2ms | ActiveRecord: 0.3ms)


Started GET "/movies?utf8=%E2%9C%93&ratings%5BG%5D=1&ratings%5BPG%5D=1&ratings%5BPG-13%5D=1&ratings%5BR%5D=1&direction=&sort=&commit=Refresh" for 127.0.0.1 at 2023-11-29 09:54:14 -0500
Processing by MoviesController#index as HTML
  Parameters: {"utf8"=>"✓", "ratings"=>{"G"=>"1", "PG"=>"1", "PG-13"=>"1", "R"=>"1"}, "direction"=>"", "sort"=>"", "commit"=>"Refresh"}
  [1m[36mMovie Load (0.4ms)[0m  [1mSELECT "movies".* FROM "movies" WHERE (UPPER(rating) IN ('G','PG','PG-13','R'))[0m
  Rendered movies/index.html.erb within layouts/application (17.1ms)
  Rendered layouts/_flash.erb (0.1ms)
Completed 200 OK in 58ms (Views: 50.3ms | ActiveRecord: 0.4ms)
